<?xml version="1.0" encoding="UTF-8"?>
<testng-results ignored="0" total="1" passed="1" failed="0" skipped="0">
  <reporter-output>
  </reporter-output>
  <suite started-at="2022-03-31T15:53:22Z" name="Default suite" finished-at="2022-03-31T15:53:33Z" duration-ms="11494">
    <groups>
    </groups>
    <test started-at="2022-03-31T15:53:22Z" name="Default test" finished-at="2022-03-31T15:53:33Z" duration-ms="11494">
      <class name="com.hybrid.Testcases.LoginTestCRM">
        <test-method is-config="true" signature="SetupSuit()[pri:0, instance:com.hybrid.Testcases.LoginTestCRM@d278d2b]" started-at="2022-03-31T15:53:21Z" name="SetupSuit" finished-at="2022-03-31T15:53:22Z" duration-ms="619" status="PASS">
          <reporter-output>
          </reporter-output>
        </test-method> <!-- SetupSuit -->
        <test-method is-config="true" signature="setup()[pri:0, instance:com.hybrid.Testcases.LoginTestCRM@d278d2b]" started-at="2022-03-31T15:53:22Z" name="setup" finished-at="2022-03-31T15:53:26Z" duration-ms="4439" status="PASS">
          <reporter-output>
          </reporter-output>
        </test-method> <!-- setup -->
        <test-method signature="LoginApp()[pri:1, instance:com.hybrid.Testcases.LoginTestCRM@d278d2b]" started-at="2022-03-31T15:53:26Z" name="LoginApp" finished-at="2022-03-31T15:53:33Z" duration-ms="6309" status="PASS">
          <reporter-output>
          </reporter-output>
        </test-method> <!-- LoginApp -->
        <test-method is-config="true" signature="teardownMethod(org.testng.ITestResult)[pri:0, instance:com.hybrid.Testcases.LoginTestCRM@d278d2b]" started-at="2022-03-31T15:53:33Z" name="teardownMethod" finished-at="2022-03-31T15:53:33Z" duration-ms="380" status="PASS">
          <params>
            <param index="0">
              <value>
                <![CDATA[[TestResult name=LoginApp status=SUCCESS method=LoginTestCRM.LoginApp()[pri:1, instance:com.hybrid.Testcases.LoginTestCRM@d278d2b] output={null}]]]>
              </value>
            </param>
          </params>
          <reporter-output>
          </reporter-output>
        </test-method> <!-- teardownMethod -->
        <test-method is-config="true" signature="teardown()[pri:0, instance:com.hybrid.Testcases.LoginTestCRM@d278d2b]" started-at="2022-03-31T15:53:33Z" name="teardown" finished-at="2022-03-31T15:53:33Z" duration-ms="347" status="PASS">
          <reporter-output>
          </reporter-output>
        </test-method> <!-- teardown -->
      </class> <!-- com.hybrid.Testcases.LoginTestCRM -->
    </test> <!-- Default test -->
  </suite> <!-- Default suite -->
</testng-results>
